2026-04-18 05:08:39 Loaded main app package /usr/lib/obsidian/obsidian.asar
2026-04-18 05:08:39 Checking for update using Github
2026-04-18 05:08:40 Success.
2026-04-18 05:08:40 Latest version is 1.12.7
2026-04-18 05:08:40 App is up to date.
2026-04-18 05:42:16 Loaded main app package /usr/lib/obsidian/obsidian.asar
2026-04-18 05:42:17 Checking for update using Github
2026-04-18 05:42:17 Success.
2026-04-18 05:42:17 Latest version is 1.12.7
2026-04-18 05:42:17 App is up to date.
2026-04-18 06:03:30 Loaded main app package /usr/lib/obsidian/obsidian.asar
2026-04-18 06:03:30 Checking for update using Github
2026-04-18 06:03:31 Success.
2026-04-18 06:03:31 Latest version is 1.12.7
2026-04-18 06:03:31 App is up to date.
2026-04-18 08:03:36 Loaded main app package /usr/lib/obsidian/obsidian.asar
2026-04-18 08:03:36 Checking for update using Github
2026-04-18 08:03:36 Success.
2026-04-18 08:03:36 Latest version is 1.12.7
2026-04-18 08:03:36 App is up to date.
2026-04-18 11:02:38 Loaded main app package /usr/lib/obsidian/obsidian.asar
2026-04-18 11:02:38 Checking for update using Github
2026-04-18 11:02:38 Success.
2026-04-18 11:02:38 Latest version is 1.12.7
2026-04-18 11:02:38 App is up to date.
2026-04-18 12:02:38 Checking for update using Github
2026-04-18 12:02:38 Success.
2026-04-18 12:02:38 Latest version is 1.12.7
2026-04-18 12:02:38 App is up to date.
